-------------------------------------------
Batch: 0
-------------------------------------------
+--------+-----+
|customer|score|
+--------+-----+
+--------+-----+

-------------------------------------------
Batch: 1
-------------------------------------------
+--------------------+-----+
|            customer|score|
+--------------------+-----+
|Angie.Jones@test.com| -4.0|
+--------------------+-----+

-------------------------------------------
Batch: 2
-------------------------------------------
+--------------------+-----+
|            customer|score|
+--------------------+-----+
|Trevor.Smith@test...|  6.0|
|Chris.Mitra@test.com|-13.0|
|Danny.Harris@test...| 13.0|
+--------------------+-----+

-------------------------------------------
Batch: 3
-------------------------------------------
+--------------------+-----+
|            customer|score|
+--------------------+-----+
|Neeraj.Aristotle@...| 33.5|
+--------------------+-----+

-------------------------------------------
Batch: 4
-------------------------------------------
+--------------------+-----+
|            customer|score|
+--------------------+-----+
|Danny.Habschied@t...| -3.0|
+--------------------+-----+

-------------------------------------------
Batch: 5
-------------------------------------------
+--------------------+-----+
|            customer|score|
+--------------------+-----+
|Santosh.Huey@test...| -4.0|
+--------------------+-----+

-------------------------------------------
Batch: 6
-------------------------------------------
+--------------------+-----+
|            customer|score|
+--------------------+-----+
|Eric.Phillips@tes...| -4.5|
+--------------------+-----+

-------------------------------------------
Batch: 7
-------------------------------------------
+-------------------+-----+
|           customer|score|
+-------------------+-----+
|Frank.Huey@test.com| -0.5|
+-------------------+-----+

-------------------------------------------
Batch: 8
-------------------------------------------
+-----------------+-----+
|         customer|score|
+-----------------+-----+
|Sarah.Wu@test.com| -1.0|
+-----------------+-----+

-------------------------------------------
Batch: 9
-------------------------------------------
+--------------------+-----+
|            customer|score|
+--------------------+-----+
|Sean.Khatib@test.com| -3.5|
+--------------------+-----+

-------------------------------------------
Batch: 10
-------------------------------------------
+--------------------+-----+
|            customer|score|
+--------------------+-----+
|Edward.Anandh@tes...| -5.0|
+--------------------+-----+

-------------------------------------------
Batch: 11
-------------------------------------------
+--------------------+-----+
|            customer|score|
+--------------------+-----+
|Lyn.Staples@test.com|  0.0|
+--------------------+-----+

-------------------------------------------
Batch: 12
-------------------------------------------
+--------------------+-----+
|            customer|score|
+--------------------+-----+
|Santosh.Khatib@te...| -2.5|
+--------------------+-----+

-------------------------------------------
Batch: 13
-------------------------------------------
+--------------------+-----+
|            customer|score|
+--------------------+-----+
|Dan.Jackson@test.com|  0.0|
+--------------------+-----+

-------------------------------------------
Batch: 14
-------------------------------------------
+--------------------+-----+
|            customer|score|
+--------------------+-----+
|Ashley.Anderson@t...| -3.5|
+--------------------+-----+

-------------------------------------------
Batch: 15
-------------------------------------------
+--------------------+-----+
|            customer|score|
+--------------------+-----+
|Dan.Jefferson@tes...| -8.0|
+--------------------+-----+

-------------------------------------------
Batch: 16
-------------------------------------------
+--------------------+-----+
|            customer|score|
+--------------------+-----+
|Angie.Fibonnaci@t...| 17.5|
+--------------------+-----+

-------------------------------------------
Batch: 17
-------------------------------------------
+--------------------+-----+
|            customer|score|
+--------------------+-----+
|Ashley.Lincoln@te...|  1.5|
+--------------------+-----+

-------------------------------------------
Batch: 18
-------------------------------------------
+--------------------+-----+
|            customer|score|
+--------------------+-----+
|Trevor.Aristotle@...|  8.0|
+--------------------+-----+

-------------------------------------------
Batch: 19
-------------------------------------------
+--------------------+-----+
|            customer|score|
+--------------------+-----+
|Jason.Habschied@t...|-16.0|
+--------------------+-----+

-------------------------------------------
Batch: 20
-------------------------------------------
+--------------------+-----+
|            customer|score|
+--------------------+-----+
|Jason.Abram@test.com|-29.5|
+--------------------+-----+

-------------------------------------------
Batch: 21
-------------------------------------------
+--------------------+-----+
|            customer|score|
+--------------------+-----+
|Gail.Jefferson@te...|-21.0|
+--------------------+-----+

-------------------------------------------
Batch: 22
-------------------------------------------
+-------------------+-----+
|           customer|score|
+-------------------+-----+
|Jane.Jones@test.com|  2.0|
+-------------------+-----+

-------------------------------------------
Batch: 23
-------------------------------------------
+--------------------+-----+
|            customer|score|
+--------------------+-----+
|Ashley.Clark@test...|-10.5|
+--------------------+-----+

-------------------------------------------
Batch: 24
-------------------------------------------
+--------------------+-----+
|            customer|score|
+--------------------+-----+
|Danny.Davis@test.com| -9.0|
+--------------------+-----+

-------------------------------------------
Batch: 25
-------------------------------------------
+--------------------+-----+
|            customer|score|
+--------------------+-----+
|Ashley.Fibonnaci@...| -1.5|
+--------------------+-----+

-------------------------------------------
Batch: 26
-------------------------------------------
+--------------------+-----+
|            customer|score|
+--------------------+-----+
|Ashley.Habschied@...| 17.0|
+--------------------+-----+

-------------------------------------------
Batch: 27
-------------------------------------------
+--------------------+-----+
|            customer|score|
+--------------------+-----+
|Suresh.Sanchez@te...|-30.5|
+--------------------+-----+

-------------------------------------------
Batch: 28
-------------------------------------------
+--------------------+-----+
|            customer|score|
+--------------------+-----+
|Angie.Jones@test.com|  2.5|
+--------------------+-----+

-------------------------------------------
Batch: 29
-------------------------------------------
+--------------------+-----+
|            customer|score|
+--------------------+-----+
|Trevor.Smith@test...|-41.5|
+--------------------+-----+

-------------------------------------------
Batch: 30
-------------------------------------------
+--------------------+-----+
|            customer|score|
+--------------------+-----+
|Chris.Mitra@test.com|-30.5|
+--------------------+-----+

-------------------------------------------
Batch: 31
-------------------------------------------
+--------------------+-----+
|            customer|score|
+--------------------+-----+
|Danny.Harris@test...|  0.0|
+--------------------+-----+

-------------------------------------------
Batch: 32
-------------------------------------------
+--------------------+-----+
|            customer|score|
+--------------------+-----+
|Neeraj.Aristotle@...| -4.5|
+--------------------+-----+

-------------------------------------------
Batch: 33
-------------------------------------------
+--------------------+-----+
|            customer|score|
+--------------------+-----+
|Danny.Habschied@t...| -5.0|
+--------------------+-----+

-------------------------------------------
Batch: 34
-------------------------------------------
+--------------------+-----+
|            customer|score|
+--------------------+-----+
|Santosh.Huey@test...| -3.0|
+--------------------+-----+

-------------------------------------------
Batch: 35
-------------------------------------------
+--------------------+-----+
|            customer|score|
+--------------------+-----+
|Eric.Phillips@tes...| -3.0|
+--------------------+-----+

-------------------------------------------
Batch: 36
-------------------------------------------
+-------------------+-----+
|           customer|score|
+-------------------+-----+
|Frank.Huey@test.com| -1.5|
+-------------------+-----+

-------------------------------------------
Batch: 37
-------------------------------------------
+-----------------+-----+
|         customer|score|
+-----------------+-----+
|Sarah.Wu@test.com| -2.0|
+-----------------+-----+

-------------------------------------------
Batch: 38
-------------------------------------------
+--------------------+-----+
|            customer|score|
+--------------------+-----+
|Sean.Khatib@test.com| -3.0|
+--------------------+-----+

-------------------------------------------
Batch: 39
-------------------------------------------
+--------------------+-----+
|            customer|score|
+--------------------+-----+
|Edward.Anandh@tes...| -6.0|
+--------------------+-----+

-------------------------------------------
Batch: 40
-------------------------------------------
+--------------------+-----+
|            customer|score|
+--------------------+-----+
|Lyn.Staples@test.com|  0.0|
+--------------------+-----+

-------------------------------------------
Batch: 41
-------------------------------------------
+--------------------+-----+
|            customer|score|
+--------------------+-----+
|Santosh.Khatib@te...| -4.5|
+--------------------+-----+

-------------------------------------------
Batch: 42
-------------------------------------------
+--------------------+-----+
|            customer|score|
+--------------------+-----+
|Dan.Jackson@test.com| -1.5|
+--------------------+-----+

-------------------------------------------
Batch: 43
-------------------------------------------
+--------------------+-----+
|            customer|score|
+--------------------+-----+
|Ashley.Anderson@t...| -4.0|
+--------------------+-----+

-------------------------------------------
Batch: 44
-------------------------------------------
+--------------------+-----+
|            customer|score|
+--------------------+-----+
|Dan.Jefferson@tes...|-10.0|
+--------------------+-----+

-------------------------------------------
Batch: 45
-------------------------------------------
+--------------------+-----+
|            customer|score|
+--------------------+-----+
|Angie.Fibonnaci@t...| 45.0|
+--------------------+-----+

-------------------------------------------
Batch: 46
-------------------------------------------
+--------------------+-----+
|            customer|score|
+--------------------+-----+
|Ashley.Lincoln@te...| 14.0|
+--------------------+-----+

-------------------------------------------
Batch: 47
-------------------------------------------
+--------------------+-----+
|            customer|score|
+--------------------+-----+
|Trevor.Aristotle@...| 21.5|
+--------------------+-----+

-------------------------------------------
Batch: 48
-------------------------------------------
+--------------------+-----+
|            customer|score|
+--------------------+-----+
|Jason.Habschied@t...|  7.0|
+--------------------+-----+

-------------------------------------------
Batch: 49
-------------------------------------------
+--------------------+-----+
|            customer|score|
+--------------------+-----+
|Jason.Abram@test.com| 12.5|
+--------------------+-----+

-------------------------------------------
Batch: 50
-------------------------------------------
+--------------------+-----+
|            customer|score|
+--------------------+-----+
|Gail.Jefferson@te...| -4.0|
+--------------------+-----+

-------------------------------------------
Batch: 51
-------------------------------------------
+-------------------+-----+
|           customer|score|
+-------------------+-----+
|Jane.Jones@test.com| 12.0|
+-------------------+-----+

-------------------------------------------
Batch: 52
-------------------------------------------
+--------------------+-----+
|            customer|score|
+--------------------+-----+
|Ashley.Clark@test...|  8.5|
+--------------------+-----+

-------------------------------------------
Batch: 53
-------------------------------------------
+--------------------+-----+
|            customer|score|
+--------------------+-----+
|Danny.Davis@test.com| 20.0|
+--------------------+-----+

-------------------------------------------
Batch: 54
-------------------------------------------
+--------------------+-----+
|            customer|score|
+--------------------+-----+
|Ashley.Fibonnaci@...|-16.0|
+--------------------+-----+

-------------------------------------------
Batch: 55
-------------------------------------------
+--------------------+-----+
|            customer|score|
+--------------------+-----+
|Ashley.Habschied@...| 40.0|
+--------------------+-----+

-------------------------------------------
Batch: 56
-------------------------------------------
+--------------------+-----+
|            customer|score|
+--------------------+-----+
|Suresh.Sanchez@te...|-13.0|
+--------------------+-----+

-------------------------------------------
Batch: 57
-------------------------------------------
+--------------------+-----+
|            customer|score|
+--------------------+-----+
|Angie.Jones@test.com|  9.5|
+--------------------+-----+

-------------------------------------------
Batch: 58
-------------------------------------------
+--------------------+-----+
|            customer|score|
+--------------------+-----+
|Trevor.Smith@test...|-10.5|
+--------------------+-----+

-------------------------------------------
Batch: 59
-------------------------------------------
+--------------------+-----+
|            customer|score|
+--------------------+-----+
|Chris.Mitra@test.com|  0.5|
+--------------------+-----+

-------------------------------------------
Batch: 60
-------------------------------------------
+--------------------+-----+
|            customer|score|
+--------------------+-----+
|Danny.Harris@test...| 16.5|
+--------------------+-----+

-------------------------------------------
Batch: 61
-------------------------------------------
+--------------------+-----+
|            customer|score|
+--------------------+-----+
|Neeraj.Aristotle@...|-20.5|
+--------------------+-----+

-------------------------------------------
Batch: 62
-------------------------------------------
+--------------------+-----+
|            customer|score|
+--------------------+-----+
|Danny.Habschied@t...| -4.5|
+--------------------+-----+

-------------------------------------------
Batch: 63
-------------------------------------------
+--------------------+-----+
|            customer|score|
+--------------------+-----+
|Santosh.Huey@test...| -4.5|
+--------------------+-----+

-------------------------------------------
Batch: 64
-------------------------------------------
+--------------------+-----+
|            customer|score|
+--------------------+-----+
|Eric.Phillips@tes...| -4.0|
+--------------------+-----+

-------------------------------------------
Batch: 65
-------------------------------------------
+-------------------+-----+
|           customer|score|
+-------------------+-----+
|Frank.Huey@test.com| -3.0|
+-------------------+-----+

-------------------------------------------
Batch: 66
-------------------------------------------
+-----------------+-----+
|         customer|score|
+-----------------+-----+
|Sarah.Wu@test.com| -3.5|
+-----------------+-----+

-------------------------------------------
Batch: 67
-------------------------------------------
+--------------------+-----+
|            customer|score|
+--------------------+-----+
|Sean.Khatib@test.com| -3.5|
+--------------------+-----+

-------------------------------------------
Batch: 68
-------------------------------------------
+--------------------+-----+
|            customer|score|
+--------------------+-----+
|Edward.Anandh@tes...| -5.5|
+--------------------+-----+

-------------------------------------------
Batch: 69
-------------------------------------------
+--------------------+-----+
|            customer|score|
+--------------------+-----+
|Lyn.Staples@test.com| -1.5|
+--------------------+-----+

-------------------------------------------
Batch: 70
-------------------------------------------
+--------------------+-----+
|            customer|score|
+--------------------+-----+
|Santosh.Khatib@te...| -4.5|
+--------------------+-----+

-------------------------------------------
Batch: 71
-------------------------------------------
+--------------------+-----+
|            customer|score|
+--------------------+-----+
|Dan.Jackson@test.com| -4.5|
+--------------------+-----+

-------------------------------------------
Batch: 72
-------------------------------------------
+--------------------+-----+
|            customer|score|
+--------------------+-----+
|Ashley.Anderson@t...| -3.5|
+--------------------+-----+

-------------------------------------------
Batch: 73
-------------------------------------------
+--------------------+-----+
|            customer|score|
+--------------------+-----+
|Dan.Jefferson@tes...| 12.0|
+--------------------+-----+

-------------------------------------------
Batch: 74
-------------------------------------------
+--------------------+-----+
|            customer|score|
+--------------------+-----+
|Angie.Fibonnaci@t...|  0.0|
+--------------------+-----+

-------------------------------------------
Batch: 75
-------------------------------------------
+--------------------+-----+
|            customer|score|
+--------------------+-----+
|Ashley.Lincoln@te...|  4.5|
+--------------------+-----+

-------------------------------------------
Batch: 76
-------------------------------------------
+--------------------+-----+
|            customer|score|
+--------------------+-----+
|Trevor.Aristotle@...| 15.0|
+--------------------+-----+

-------------------------------------------
Batch: 77
-------------------------------------------
+--------------------+-----+
|            customer|score|
+--------------------+-----+
|Jason.Habschied@t...| -2.0|
+--------------------+-----+

-------------------------------------------
Batch: 78
-------------------------------------------
+--------------------+-----+
|            customer|score|
+--------------------+-----+
|Jason.Abram@test.com| 21.5|
+--------------------+-----+

-------------------------------------------
Batch: 79
-------------------------------------------
+--------------------+-----+
|            customer|score|
+--------------------+-----+
|Gail.Jefferson@te...|-24.0|
+--------------------+-----+

-------------------------------------------
Batch: 80
-------------------------------------------
+-------------------+-----+
|           customer|score|
+-------------------+-----+
|Jane.Jones@test.com|-13.0|
+-------------------+-----+

-------------------------------------------
Batch: 81
-------------------------------------------
+--------------------+-----+
|            customer|score|
+--------------------+-----+
|Ashley.Clark@test...|-13.5|
+--------------------+-----+

-------------------------------------------
Batch: 82
-------------------------------------------
+--------------------+-----+
|            customer|score|
+--------------------+-----+
|Danny.Davis@test.com| 16.5|
+--------------------+-----+

-------------------------------------------
Batch: 83
-------------------------------------------
+--------------------+-----+
|            customer|score|
+--------------------+-----+
|Ashley.Fibonnaci@...|-16.0|
+--------------------+-----+

-------------------------------------------
Batch: 84
-------------------------------------------
+--------------------+-----+
|            customer|score|
+--------------------+-----+
|Ashley.Habschied@...| 31.0|
+--------------------+-----+

-------------------------------------------
Batch: 85
-------------------------------------------
+--------------------+-----+
|            customer|score|
+--------------------+-----+
|Suresh.Sanchez@te...| 14.5|
+--------------------+-----+

-------------------------------------------
Batch: 86
-------------------------------------------
+--------------------+-----+
|            customer|score|
+--------------------+-----+
|Angie.Jones@test.com|-13.0|
+--------------------+-----+

-------------------------------------------
Batch: 87
-------------------------------------------
+--------------------+-----+
|            customer|score|
+--------------------+-----+
|Trevor.Smith@test...| 34.5|
+--------------------+-----+

-------------------------------------------
Batch: 88
-------------------------------------------
+--------------------+-----+
|            customer|score|
+--------------------+-----+
|Chris.Mitra@test.com| 14.5|
+--------------------+-----+

-------------------------------------------
Batch: 89
-------------------------------------------
+--------------------+-----+
|            customer|score|
+--------------------+-----+
|Danny.Harris@test...| 18.5|
+--------------------+-----+

-------------------------------------------
Batch: 90
-------------------------------------------
+--------------------+-----+
|            customer|score|
+--------------------+-----+
|Neeraj.Aristotle@...| 12.5|
+--------------------+-----+

-------------------------------------------
Batch: 91
-------------------------------------------
+--------------------+-----+
|            customer|score|
+--------------------+-----+
|Danny.Habschied@t...| -3.0|
+--------------------+-----+

-------------------------------------------
Batch: 92
-------------------------------------------
+--------------------+-----+
|            customer|score|
+--------------------+-----+
|Santosh.Huey@test...| -4.5|
+--------------------+-----+

-------------------------------------------
Batch: 93
-------------------------------------------
+--------------------+-----+
|            customer|score|
+--------------------+-----+
|Eric.Phillips@tes...| -5.0|
+--------------------+-----+

-------------------------------------------
Batch: 94
-------------------------------------------
+-------------------+-----+
|           customer|score|
+-------------------+-----+
|Frank.Huey@test.com| -3.0|
+-------------------+-----+

-------------------------------------------
Batch: 95
-------------------------------------------
+-----------------+-----+
|         customer|score|
+-----------------+-----+
|Sarah.Wu@test.com| -4.0|
+-----------------+-----+

-------------------------------------------
Batch: 96
-------------------------------------------
+--------------------+-----+
|            customer|score|
+--------------------+-----+
|Sean.Khatib@test.com| -4.5|
+--------------------+-----+

-------------------------------------------
Batch: 97
-------------------------------------------
+--------------------+-----+
|            customer|score|
+--------------------+-----+
|Edward.Anandh@tes...| -4.0|
+--------------------+-----+

-------------------------------------------
Batch: 98
-------------------------------------------
+--------------------+-----+
|            customer|score|
+--------------------+-----+
|Lyn.Staples@test.com| -4.0|
+--------------------+-----+

-------------------------------------------
Batch: 99
-------------------------------------------
+--------------------+-----+
|            customer|score|
+--------------------+-----+
|Santosh.Khatib@te...| -3.5|
+--------------------+-----+

-------------------------------------------
Batch: 100
-------------------------------------------
+--------------------+-----+
|            customer|score|
+--------------------+-----+
|Dan.Jackson@test.com| -5.0|
+--------------------+-----+

-------------------------------------------
Batch: 101
-------------------------------------------
+--------------------+-----+
|            customer|score|
+--------------------+-----+
|Ashley.Anderson@t...| -4.0|
+--------------------+-----+

-------------------------------------------
Batch: 102
-------------------------------------------
+--------------------+-----+
|            customer|score|
+--------------------+-----+
|Dan.Jefferson@tes...| 10.0|
+--------------------+-----+

-------------------------------------------
Batch: 103
-------------------------------------------
+--------------------+-----+
|            customer|score|
+--------------------+-----+
|Angie.Fibonnaci@t...|-29.5|
+--------------------+-----+

-------------------------------------------
Batch: 104
-------------------------------------------
+--------------------+-----+
|            customer|score|
+--------------------+-----+
|Ashley.Lincoln@te...|-16.5|
+--------------------+-----+

-------------------------------------------
Batch: 105
-------------------------------------------
+--------------------+-----+
|            customer|score|
+--------------------+-----+
|Trevor.Aristotle@...|-10.0|
+--------------------+-----+

-------------------------------------------
Batch: 106
-------------------------------------------
+--------------------+-----+
|            customer|score|
+--------------------+-----+
|Jason.Habschied@t...|  3.0|
+--------------------+-----+

-------------------------------------------
Batch: 107
-------------------------------------------
+--------------------+-----+
|            customer|score|
+--------------------+-----+
|Jason.Abram@test.com| -2.0|
+--------------------+-----+

-------------------------------------------
Batch: 108
-------------------------------------------
+--------------------+-----+
|            customer|score|
+--------------------+-----+
|Gail.Jefferson@te...|-23.0|
+--------------------+-----+

-------------------------------------------
Batch: 109
-------------------------------------------
+-------------------+-----+
|           customer|score|
+-------------------+-----+
|Jane.Jones@test.com|-24.5|
+-------------------+-----+

-------------------------------------------
Batch: 110
-------------------------------------------
+--------------------+-----+
|            customer|score|
+--------------------+-----+
|Ashley.Clark@test...| -4.5|
+--------------------+-----+

-------------------------------------------
Batch: 111
-------------------------------------------
+--------------------+-----+
|            customer|score|
+--------------------+-----+
|Danny.Davis@test.com| -5.5|
+--------------------+-----+

-------------------------------------------
Batch: 112
-------------------------------------------
+--------------------+-----+
|            customer|score|
+--------------------+-----+
|Ashley.Fibonnaci@...| 10.5|
+--------------------+-----+

-------------------------------------------
Batch: 113
-------------------------------------------
+--------------------+-----+
|            customer|score|
+--------------------+-----+
|Ashley.Habschied@...|  6.0|
+--------------------+-----+

-------------------------------------------
Batch: 114
-------------------------------------------
+--------------------+-----+
|            customer|score|
+--------------------+-----+
|Suresh.Sanchez@te...| 35.5|
+--------------------+-----+

-------------------------------------------
Batch: 115
-------------------------------------------
+--------------------+-----+
|            customer|score|
+--------------------+-----+
|Angie.Jones@test.com|-17.5|
+--------------------+-----+

-------------------------------------------
Batch: 116
-------------------------------------------
+--------------------+-----+
|            customer|score|
+--------------------+-----+
|Trevor.Smith@test...|  8.5|
+--------------------+-----+

-------------------------------------------
Batch: 117
-------------------------------------------
+--------------------+-----+
|            customer|score|
+--------------------+-----+
|Chris.Mitra@test.com|-20.5|
+--------------------+-----+

-------------------------------------------
Batch: 118
-------------------------------------------
+--------------------+-----+
|            customer|score|
+--------------------+-----+
|Danny.Harris@test...| -1.5|
+--------------------+-----+

-------------------------------------------
Batch: 119
-------------------------------------------
+--------------------+-----+
|            customer|score|
+--------------------+-----+
|Neeraj.Aristotle@...| -6.5|
+--------------------+-----+

-------------------------------------------
Batch: 120
-------------------------------------------
+--------------------+-----+
|            customer|score|
+--------------------+-----+
|Danny.Habschied@t...| -3.0|
+--------------------+-----+

-------------------------------------------
Batch: 121
-------------------------------------------
+--------------------+-----+
|            customer|score|
+--------------------+-----+
|Santosh.Huey@test...| -2.0|
+--------------------+-----+

-------------------------------------------
Batch: 122
-------------------------------------------
+--------------------+-----+
|            customer|score|
+--------------------+-----+
|Eric.Phillips@tes...| -5.0|
+--------------------+-----+

-------------------------------------------
Batch: 123
-------------------------------------------
+-------------------+-----+
|           customer|score|
+-------------------+-----+
|Frank.Huey@test.com| -4.5|
+-------------------+-----+

-------------------------------------------
Batch: 124
-------------------------------------------
+-----------------+-----+
|         customer|score|
+-----------------+-----+
|Sarah.Wu@test.com| -3.5|
+-----------------+-----+

-------------------------------------------
Batch: 125
-------------------------------------------
+--------------------+-----+
|            customer|score|
+--------------------+-----+
|Sean.Khatib@test.com| -3.5|
+--------------------+-----+

-------------------------------------------
Batch: 126
-------------------------------------------
+--------------------+-----+
|            customer|score|
+--------------------+-----+
|Edward.Anandh@tes...| -2.5|
+--------------------+-----+

