Spark Command: /usr/lib/jvm/java-8-openjdk-amd64/jre/bin/java -cp /opt/spark-2.3.4-bin-hadoop2.7/conf/:/opt/spark-2.3.4-bin-hadoop2.7/jars/* -Xmx1g org.apache.spark.deploy.master.Master --host 899fb07ee2f8 --port 7077 --webui-port 8080
========================================
2022-01-26 16:01:06 INFO  Master:2612 - Started daemon with process name: 1587@899fb07ee2f8
2022-01-26 16:01:06 INFO  SignalUtils:54 - Registered signal handler for TERM
2022-01-26 16:01:06 INFO  SignalUtils:54 - Registered signal handler for HUP
2022-01-26 16:01:06 INFO  SignalUtils:54 - Registered signal handler for INT
2022-01-26 16:01:08 WARN  NativeCodeLoader:62 - Unable to load native-hadoop library for your platform... using builtin-java classes where applicable
2022-01-26 16:01:08 INFO  SecurityManager:54 - Changing view acls to: root
2022-01-26 16:01:08 INFO  SecurityManager:54 - Changing modify acls to: root
2022-01-26 16:01:08 INFO  SecurityManager:54 - Changing view acls groups to: 
2022-01-26 16:01:08 INFO  SecurityManager:54 - Changing modify acls groups to: 
2022-01-26 16:01:08 INFO  SecurityManager:54 - SecurityManager: authentication disabled; ui acls disabled; users  with view permissions: Set(root); groups with view permissions: Set(); users  with modify permissions: Set(root); groups with modify permissions: Set()
2022-01-26 16:01:10 INFO  Utils:54 - Successfully started service 'sparkMaster' on port 7077.
2022-01-26 16:01:10 INFO  Master:54 - Starting Spark master at spark://899fb07ee2f8:7077
2022-01-26 16:01:10 INFO  Master:54 - Running Spark version 2.3.4
2022-01-26 16:01:10 INFO  log:192 - Logging initialized @7277ms
2022-01-26 16:01:11 INFO  Server:351 - jetty-9.3.z-SNAPSHOT, build timestamp: unknown, git hash: unknown
2022-01-26 16:01:11 INFO  Server:419 - Started @7590ms
2022-01-26 16:01:11 INFO  AbstractConnector:278 - Started ServerConnector@6142e162{HTTP/1.1,[http/1.1]}{0.0.0.0:8080}
2022-01-26 16:01:11 INFO  Utils:54 - Successfully started service 'MasterUI' on port 8080.
2022-01-26 16:01:11 INFO  ContextHandler:781 - Started o.s.j.s.ServletContextHandler@196a777c{/app,null,AVAILABLE,@Spark}
2022-01-26 16:01:11 INFO  ContextHandler:781 - Started o.s.j.s.ServletContextHandler@a2dc112{/app/json,null,AVAILABLE,@Spark}
2022-01-26 16:01:11 INFO  ContextHandler:781 - Started o.s.j.s.ServletContextHandler@48a5d40{/,null,AVAILABLE,@Spark}
2022-01-26 16:01:11 INFO  ContextHandler:781 - Started o.s.j.s.ServletContextHandler@123a405c{/json,null,AVAILABLE,@Spark}
2022-01-26 16:01:11 INFO  ContextHandler:781 - Started o.s.j.s.ServletContextHandler@767b2658{/static,null,AVAILABLE,@Spark}
2022-01-26 16:01:11 INFO  ContextHandler:781 - Started o.s.j.s.ServletContextHandler@319ad338{/app/kill,null,AVAILABLE,@Spark}
2022-01-26 16:01:11 INFO  ContextHandler:781 - Started o.s.j.s.ServletContextHandler@1f88a9b{/driver/kill,null,AVAILABLE,@Spark}
2022-01-26 16:01:11 INFO  MasterWebUI:54 - Bound MasterWebUI to 0.0.0.0, and started at http://899fb07ee2f8:8080
2022-01-26 16:01:11 INFO  Server:351 - jetty-9.3.z-SNAPSHOT, build timestamp: unknown, git hash: unknown
2022-01-26 16:01:11 INFO  ContextHandler:781 - Started o.s.j.s.ServletContextHandler@3497afda{/,null,AVAILABLE}
2022-01-26 16:01:11 INFO  AbstractConnector:278 - Started ServerConnector@44bacbfd{HTTP/1.1,[http/1.1]}{899fb07ee2f8:6066}
2022-01-26 16:01:11 INFO  Server:419 - Started @8173ms
2022-01-26 16:01:11 INFO  Utils:54 - Successfully started service on port 6066.
2022-01-26 16:01:11 INFO  StandaloneRestServer:54 - Started REST server for submitting applications on port 6066
2022-01-26 16:01:12 INFO  ContextHandler:781 - Started o.s.j.s.ServletContextHandler@4a685eb6{/metrics/master/json,null,AVAILABLE,@Spark}
2022-01-26 16:01:12 INFO  ContextHandler:781 - Started o.s.j.s.ServletContextHandler@48220dd3{/metrics/applications/json,null,AVAILABLE,@Spark}
2022-01-26 16:01:12 INFO  Master:54 - I have been elected leader! New state: ALIVE
