Spark Command: /usr/lib/jvm/java-8-openjdk-amd64/jre/bin/java -cp /opt/spark-2.3.4-bin-hadoop2.7/conf/:/opt/spark-2.3.4-bin-hadoop2.7/jars/* -Xmx1g org.apache.spark.deploy.master.Master --host 4d857cea9272 --port 7077 --webui-port 8080
========================================
2022-01-28 10:57:28 INFO  Master:2612 - Started daemon with process name: 40@4d857cea9272
2022-01-28 10:57:28 INFO  SignalUtils:54 - Registered signal handler for TERM
2022-01-28 10:57:28 INFO  SignalUtils:54 - Registered signal handler for HUP
2022-01-28 10:57:28 INFO  SignalUtils:54 - Registered signal handler for INT
2022-01-28 10:57:30 WARN  NativeCodeLoader:62 - Unable to load native-hadoop library for your platform... using builtin-java classes where applicable
2022-01-28 10:57:30 INFO  SecurityManager:54 - Changing view acls to: root
2022-01-28 10:57:30 INFO  SecurityManager:54 - Changing modify acls to: root
2022-01-28 10:57:30 INFO  SecurityManager:54 - Changing view acls groups to: 
2022-01-28 10:57:30 INFO  SecurityManager:54 - Changing modify acls groups to: 
2022-01-28 10:57:30 INFO  SecurityManager:54 - SecurityManager: authentication disabled; ui acls disabled; users  with view permissions: Set(root); groups with view permissions: Set(); users  with modify permissions: Set(root); groups with modify permissions: Set()
2022-01-28 10:57:31 INFO  Utils:54 - Successfully started service 'sparkMaster' on port 7077.
2022-01-28 10:57:31 INFO  Master:54 - Starting Spark master at spark://4d857cea9272:7077
2022-01-28 10:57:31 INFO  Master:54 - Running Spark version 2.3.4
2022-01-28 10:57:32 INFO  log:192 - Logging initialized @5720ms
2022-01-28 10:57:32 INFO  Server:351 - jetty-9.3.z-SNAPSHOT, build timestamp: unknown, git hash: unknown
2022-01-28 10:57:32 INFO  Server:419 - Started @5945ms
2022-01-28 10:57:32 INFO  AbstractConnector:278 - Started ServerConnector@2d12a61e{HTTP/1.1,[http/1.1]}{0.0.0.0:8080}
2022-01-28 10:57:32 INFO  Utils:54 - Successfully started service 'MasterUI' on port 8080.
2022-01-28 10:57:32 INFO  ContextHandler:781 - Started o.s.j.s.ServletContextHandler@626464d5{/app,null,AVAILABLE,@Spark}
2022-01-28 10:57:32 INFO  ContextHandler:781 - Started o.s.j.s.ServletContextHandler@4f13a89a{/app/json,null,AVAILABLE,@Spark}
2022-01-28 10:57:32 INFO  ContextHandler:781 - Started o.s.j.s.ServletContextHandler@3fb5a061{/,null,AVAILABLE,@Spark}
2022-01-28 10:57:32 INFO  ContextHandler:781 - Started o.s.j.s.ServletContextHandler@763d70d1{/json,null,AVAILABLE,@Spark}
2022-01-28 10:57:32 INFO  ContextHandler:781 - Started o.s.j.s.ServletContextHandler@24b841f4{/static,null,AVAILABLE,@Spark}
2022-01-28 10:57:32 INFO  ContextHandler:781 - Started o.s.j.s.ServletContextHandler@ef7d360{/app/kill,null,AVAILABLE,@Spark}
2022-01-28 10:57:32 INFO  ContextHandler:781 - Started o.s.j.s.ServletContextHandler@14472695{/driver/kill,null,AVAILABLE,@Spark}
2022-01-28 10:57:32 INFO  MasterWebUI:54 - Bound MasterWebUI to 0.0.0.0, and started at http://4d857cea9272:8080
2022-01-28 10:57:32 INFO  Server:351 - jetty-9.3.z-SNAPSHOT, build timestamp: unknown, git hash: unknown
2022-01-28 10:57:32 INFO  ContextHandler:781 - Started o.s.j.s.ServletContextHandler@19216438{/,null,AVAILABLE}
2022-01-28 10:57:32 INFO  AbstractConnector:278 - Started ServerConnector@4fe3f47d{HTTP/1.1,[http/1.1]}{4d857cea9272:6066}
2022-01-28 10:57:32 INFO  Server:419 - Started @6415ms
2022-01-28 10:57:32 INFO  Utils:54 - Successfully started service on port 6066.
2022-01-28 10:57:32 INFO  StandaloneRestServer:54 - Started REST server for submitting applications on port 6066
2022-01-28 10:57:33 INFO  ContextHandler:781 - Started o.s.j.s.ServletContextHandler@63fc945c{/metrics/master/json,null,AVAILABLE,@Spark}
2022-01-28 10:57:33 INFO  ContextHandler:781 - Started o.s.j.s.ServletContextHandler@662aa522{/metrics/applications/json,null,AVAILABLE,@Spark}
2022-01-28 10:57:33 INFO  Master:54 - I have been elected leader! New state: ALIVE
