Spark Command: /usr/lib/jvm/java-8-openjdk-amd64/jre/bin/java -cp /opt/spark-2.3.4-bin-hadoop2.7/conf/:/opt/spark-2.3.4-bin-hadoop2.7/jars/* -Xmx1g org.apache.spark.deploy.master.Master --host 956b9ebd39ff --port 7077 --webui-port 8080
========================================
2022-01-28 13:44:43 INFO  Master:2612 - Started daemon with process name: 40@956b9ebd39ff
2022-01-28 13:44:43 INFO  SignalUtils:54 - Registered signal handler for TERM
2022-01-28 13:44:43 INFO  SignalUtils:54 - Registered signal handler for HUP
2022-01-28 13:44:43 INFO  SignalUtils:54 - Registered signal handler for INT
2022-01-28 13:44:44 WARN  NativeCodeLoader:62 - Unable to load native-hadoop library for your platform... using builtin-java classes where applicable
2022-01-28 13:44:44 INFO  SecurityManager:54 - Changing view acls to: root
2022-01-28 13:44:44 INFO  SecurityManager:54 - Changing modify acls to: root
2022-01-28 13:44:44 INFO  SecurityManager:54 - Changing view acls groups to: 
2022-01-28 13:44:44 INFO  SecurityManager:54 - Changing modify acls groups to: 
2022-01-28 13:44:44 INFO  SecurityManager:54 - SecurityManager: authentication disabled; ui acls disabled; users  with view permissions: Set(root); groups with view permissions: Set(); users  with modify permissions: Set(root); groups with modify permissions: Set()
2022-01-28 13:44:45 INFO  Utils:54 - Successfully started service 'sparkMaster' on port 7077.
2022-01-28 13:44:46 INFO  Master:54 - Starting Spark master at spark://956b9ebd39ff:7077
2022-01-28 13:44:46 INFO  Master:54 - Running Spark version 2.3.4
2022-01-28 13:44:46 INFO  log:192 - Logging initialized @4854ms
2022-01-28 13:44:46 INFO  Server:351 - jetty-9.3.z-SNAPSHOT, build timestamp: unknown, git hash: unknown
2022-01-28 13:44:46 INFO  Server:419 - Started @5035ms
2022-01-28 13:44:46 INFO  AbstractConnector:278 - Started ServerConnector@32618af2{HTTP/1.1,[http/1.1]}{0.0.0.0:8080}
2022-01-28 13:44:46 INFO  Utils:54 - Successfully started service 'MasterUI' on port 8080.
2022-01-28 13:44:46 INFO  ContextHandler:781 - Started o.s.j.s.ServletContextHandler@61dfdc32{/app,null,AVAILABLE,@Spark}
2022-01-28 13:44:46 INFO  ContextHandler:781 - Started o.s.j.s.ServletContextHandler@27dc2662{/app/json,null,AVAILABLE,@Spark}
2022-01-28 13:44:46 INFO  ContextHandler:781 - Started o.s.j.s.ServletContextHandler@23d4b9{/,null,AVAILABLE,@Spark}
2022-01-28 13:44:46 INFO  ContextHandler:781 - Started o.s.j.s.ServletContextHandler@1f146234{/json,null,AVAILABLE,@Spark}
2022-01-28 13:44:46 INFO  ContextHandler:781 - Started o.s.j.s.ServletContextHandler@59bda882{/static,null,AVAILABLE,@Spark}
2022-01-28 13:44:46 INFO  ContextHandler:781 - Started o.s.j.s.ServletContextHandler@4ddf5e89{/app/kill,null,AVAILABLE,@Spark}
2022-01-28 13:44:46 INFO  ContextHandler:781 - Started o.s.j.s.ServletContextHandler@4ac64168{/driver/kill,null,AVAILABLE,@Spark}
2022-01-28 13:44:46 INFO  MasterWebUI:54 - Bound MasterWebUI to 0.0.0.0, and started at http://956b9ebd39ff:8080
2022-01-28 13:44:46 INFO  Server:351 - jetty-9.3.z-SNAPSHOT, build timestamp: unknown, git hash: unknown
2022-01-28 13:44:46 INFO  ContextHandler:781 - Started o.s.j.s.ServletContextHandler@7573babc{/,null,AVAILABLE}
2022-01-28 13:44:46 INFO  AbstractConnector:278 - Started ServerConnector@71aad2c{HTTP/1.1,[http/1.1]}{956b9ebd39ff:6066}
2022-01-28 13:44:46 INFO  Server:419 - Started @5439ms
2022-01-28 13:44:46 INFO  Utils:54 - Successfully started service on port 6066.
2022-01-28 13:44:46 INFO  StandaloneRestServer:54 - Started REST server for submitting applications on port 6066
2022-01-28 13:44:47 INFO  ContextHandler:781 - Started o.s.j.s.ServletContextHandler@518e703{/metrics/master/json,null,AVAILABLE,@Spark}
2022-01-28 13:44:47 INFO  ContextHandler:781 - Started o.s.j.s.ServletContextHandler@b910c09{/metrics/applications/json,null,AVAILABLE,@Spark}
2022-01-28 13:44:47 INFO  Master:54 - I have been elected leader! New state: ALIVE
2022-01-28 13:45:36 INFO  Master:54 - Registering worker 172.18.0.2:44691 with 2 cores, 6.3 GB RAM
